{"numFailedTestSuites":0,"numFailedTests":0,"numPassedTestSuites":6,"numPassedTests":26,"numPendingTestSuites":0,"numPendingTests":0,"numRuntimeErrorTestSuites":0,"numTodoTests":0,"numTotalTestSuites":6,"numTotalTests":26,"openHandles":[],"snapshot":{"added":0,"didUpdate":false,"failure":false,"filesAdded":0,"filesRemoved":0,"filesRemovedList":[],"filesUnmatched":0,"filesUpdated":0,"matched":0,"total":0,"unchecked":0,"uncheckedKeysByFile":[],"unmatched":0,"updated":0},"startTime":1772255622819,"success":true,"testResults":[{"assertionResults":[{"ancestorTitles":["Hill Cipher"],"duration":33,"failureDetails":[],"failureMessages":[],"fullName":"Hill Cipher validates matrix determinant and invertibility","invocations":1,"location":null,"numPassingAsserts":1,"retryReasons":[],"status":"passed","title":"validates matrix determinant and invertibility"},{"ancestorTitles":["Hill Cipher"],"duration":1,"failureDetails":[],"failureMessages":[],"fullName":"Hill Cipher encrypts exactly 2x2 blocks","invocations":1,"location":null,"numPassingAsserts":2,"retryReasons":[],"status":"passed","title":"encrypts exactly 2x2 blocks"},{"ancestorTitles":["Hill Cipher"],"duration":1,"failureDetails":[],"failureMessages":[],"fullName":"Hill Cipher decrypts back to original","invocations":1,"location":null,"numPassingAsserts":1,"retryReasons":[],"status":"passed","title":"decrypts back to original"},{"ancestorTitles":["Hill Cipher"],"duration":1,"failureDetails":[],"failureMessages":[],"fullName":"Hill Cipher pads plaintext if length is not a multiple of block size","invocations":1,"location":null,"numPassingAsserts":2,"retryReasons":[],"status":"passed","title":"pads plaintext if length is not a multiple of block size"}],"endTime":1772255627135,"message":"","name":"C:\\Users\\acer\\.gemini\\antigravity\\scratch\\CipherLab\\packages\\shared\\src\\ciphers\\hill.test.ts","startTime":1772255623641,"status":"passed","summary":""},{"assertionResults":[{"ancestorTitles":["Playfair Cipher"],"duration":15,"failureDetails":[],"failureMessages":[],"fullName":"Playfair Cipher generates the correct grid","invocations":1,"location":null,"numPassingAsserts":5,"retryReasons":[],"status":"passed","title":"generates the correct grid"},{"ancestorTitles":["Playfair Cipher"],"duration":1,"failureDetails":[],"failureMessages":[],"fullName":"Playfair Cipher encrypts according to rules","invocations":1,"location":null,"numPassingAsserts":1,"retryReasons":[],"status":"passed","title":"encrypts according to rules"},{"ancestorTitles":["Playfair Cipher"],"duration":1,"failureDetails":[],"failureMessages":[],"fullName":"Playfair Cipher decrypts correctly","invocations":1,"location":null,"numPassingAsserts":1,"retryReasons":[],"status":"passed","title":"decrypts correctly"}],"endTime":1772255627168,"message":"","name":"C:\\Users\\acer\\.gemini\\antigravity\\scratch\\CipherLab\\packages\\shared\\src\\ciphers\\playfair.test.ts","startTime":1772255623605,"status":"passed","summary":""},{"assertionResults":[{"ancestorTitles":["Rail Fence Cipher"],"duration":29,"failureDetails":[],"failureMessages":[],"fullName":"Rail Fence Cipher encrypts standard case (rails=3)","invocations":1,"location":null,"numPassingAsserts":2,"retryReasons":[],"status":"passed","title":"encrypts standard case (rails=3)"},{"ancestorTitles":["Rail Fence Cipher"],"duration":1,"failureDetails":[],"failureMessages":[],"fullName":"Rail Fence Cipher encrypts with an offset","invocations":1,"location":null,"numPassingAsserts":1,"retryReasons":[],"status":"passed","title":"encrypts with an offset"},{"ancestorTitles":["Rail Fence Cipher"],"duration":1,"failureDetails":[],"failureMessages":[],"fullName":"Rail Fence Cipher handles rails < 2 by returning unchanged string","invocations":1,"location":null,"numPassingAsserts":2,"retryReasons":[],"status":"passed","title":"handles rails < 2 by returning unchanged string"}],"endTime":1772255627316,"message":"","name":"C:\\Users\\acer\\.gemini\\antigravity\\scratch\\CipherLab\\packages\\shared\\src\\ciphers\\railfence.test.ts","startTime":1772255623571,"status":"passed","summary":""},{"assertionResults":[{"ancestorTitles":["Caesar Cipher"],"duration":41,"failureDetails":[],"failureMessages":[],"fullName":"Caesar Cipher encrypts basic text with shift 3","invocations":1,"location":null,"numPassingAsserts":1,"retryReasons":[],"status":"passed","title":"encrypts basic text with shift 3"},{"ancestorTitles":["Caesar Cipher"],"duration":0,"failureDetails":[],"failureMessages":[],"fullName":"Caesar Cipher decrypts basic text with shift 3","invocations":1,"location":null,"numPassingAsserts":1,"retryReasons":[],"status":"passed","title":"decrypts basic text with shift 3"},{"ancestorTitles":["Caesar Cipher"],"duration":0,"failureDetails":[],"failureMessages":[],"fullName":"Caesar Cipher handles negative shift","invocations":1,"location":null,"numPassingAsserts":1,"retryReasons":[],"status":"passed","title":"handles negative shift"},{"ancestorTitles":["Caesar Cipher"],"duration":1,"failureDetails":[],"failureMessages":[],"fullName":"Caesar Cipher strips punctuation when requested","invocations":1,"location":null,"numPassingAsserts":1,"retryReasons":[],"status":"passed","title":"strips punctuation when requested"},{"ancestorTitles":["Caesar Cipher"],"duration":0,"failureDetails":[],"failureMessages":[],"fullName":"Caesar Cipher preserves case by default","invocations":1,"location":null,"numPassingAsserts":1,"retryReasons":[],"status":"passed","title":"preserves case by default"},{"ancestorTitles":["Caesar Cipher"],"duration":0,"failureDetails":[],"failureMessages":[],"fullName":"Caesar Cipher converts to uppercase if preserveCase is false","invocations":1,"location":null,"numPassingAsserts":1,"retryReasons":[],"status":"passed","title":"converts to uppercase if preserveCase is false"},{"ancestorTitles":["Caesar Cipher"],"duration":7,"failureDetails":[],"failureMessages":[],"fullName":"Caesar Cipher can brute force ciphertexts and rank English text highest","invocations":1,"location":null,"numPassingAsserts":3,"retryReasons":[],"status":"passed","title":"can brute force ciphertexts and rank English text highest"}],"endTime":1772255627379,"message":"","name":"C:\\Users\\acer\\.gemini\\antigravity\\scratch\\CipherLab\\packages\\shared\\src\\ciphers\\caesar.test.ts","startTime":1772255623663,"status":"passed","summary":""},{"assertionResults":[{"ancestorTitles":["Columnar Transposition Cipher"],"duration":82,"failureDetails":[],"failureMessages":[],"fullName":"Columnar Transposition Cipher encrypts standard columnar without filler","invocations":1,"location":null,"numPassingAsserts":2,"retryReasons":[],"status":"passed","title":"encrypts standard columnar without filler"},{"ancestorTitles":["Columnar Transposition Cipher"],"duration":1,"failureDetails":[],"failureMessages":[],"fullName":"Columnar Transposition Cipher handles duplicate keyword characters (stable sort)","invocations":1,"location":null,"numPassingAsserts":2,"retryReasons":[],"status":"passed","title":"handles duplicate keyword characters (stable sort)"},{"ancestorTitles":["Columnar Transposition Cipher"],"duration":0,"failureDetails":[],"failureMessages":[],"fullName":"Columnar Transposition Cipher handles double transposition","invocations":1,"location":null,"numPassingAsserts":1,"retryReasons":[],"status":"passed","title":"handles double transposition"}],"endTime":1772255627388,"message":"","name":"C:\\Users\\acer\\.gemini\\antigravity\\scratch\\CipherLab\\packages\\shared\\src\\ciphers\\columnar.test.ts","startTime":1772255623628,"status":"passed","summary":""},{"assertionResults":[{"ancestorTitles":["Vigenere Cipher"],"duration":42,"failureDetails":[],"failureMessages":[],"fullName":"Vigenere Cipher encrypts classic vigenere correctly","invocations":1,"location":null,"numPassingAsserts":1,"retryReasons":[],"status":"passed","title":"encrypts classic vigenere correctly"},{"ancestorTitles":["Vigenere Cipher"],"duration":1,"failureDetails":[],"failureMessages":[],"fullName":"Vigenere Cipher decrypts classic vigenere correctly","invocations":1,"location":null,"numPassingAsserts":1,"retryReasons":[],"status":"passed","title":"decrypts classic vigenere correctly"},{"ancestorTitles":["Vigenere Cipher"],"duration":1,"failureDetails":[],"failureMessages":[],"fullName":"Vigenere Cipher encrypts autokey vigenere correctly","invocations":1,"location":null,"numPassingAsserts":1,"retryReasons":[],"status":"passed","title":"encrypts autokey vigenere correctly"},{"ancestorTitles":["Vigenere Cipher"],"duration":1,"failureDetails":[],"failureMessages":[],"fullName":"Vigenere Cipher decrypts autokey vigenere correctly","invocations":1,"location":null,"numPassingAsserts":1,"retryReasons":[],"status":"passed","title":"decrypts autokey vigenere correctly"},{"ancestorTitles":["Vigenere Cipher"],"duration":1,"failureDetails":[],"failureMessages":[],"fullName":"Vigenere Cipher preserves casing and punctuation","invocations":1,"location":null,"numPassingAsserts":1,"retryReasons":[],"status":"passed","title":"preserves casing and punctuation"},{"ancestorTitles":["Vigenere Cipher"],"duration":1,"failureDetails":[],"failureMessages":[],"fullName":"Vigenere Cipher calculates IC correctly (approx English)","invocations":1,"location":null,"numPassingAsserts":1,"retryReasons":[],"status":"passed","title":"calculates IC correctly (approx English)"}],"endTime":1772255627398,"message":"","name":"C:\\Users\\acer\\.gemini\\antigravity\\scratch\\CipherLab\\packages\\shared\\src\\ciphers\\vigenere.test.ts","startTime":1772255623641,"status":"passed","summary":""}],"wasInterrupted":false}
